app/build/outputs/logs/manifest-merger-all-debug-report.txt
-- Merging decision tree log ---
manifest
ADDED from src/main/AndroidManifest.xml:21:1-39:12
	xmlns:android
		ADDED from src/main/AndroidManifest.xml:21:11-69
	package
		ADDED from src/main/AndroidManifest.xml:22:5-33
		INJECTED from src/main/AndroidManifest.xml
		INJECTED from src/main/AndroidManifest.xml
uses-feature#0x00020000
ADDED from src/main/AndroidManifest.xml:23:5-53
	android:glEsVersion
		ADDED from src/main/AndroidManifest.xml:23:19-51
uses-permission#android.permission.WRITE_EXTERNAL_STORAGE
ADDED from src/main/AndroidManifest.xml:24:5-80
	android:name
		ADDED from src/main/AndroidManifest.xml:24:22-78
application
ADDED from src/main/AndroidManifest.xml:25:5-38:19
	android:label
		ADDED from src/main/AndroidManifest.xml:28:13-52
	android:allowBackup
		ADDED from src/main/AndroidManifest.xml:27:13-40
	android:icon
		ADDED from src/main/AndroidManifest.xml:26:13-47
activity#com.android.gl2jni.GL2JNIActivity
ADDED from src/main/AndroidManifest.xml:29:9-37:20
	android:configChanges
		ADDED from src/main/AndroidManifest.xml:32:14-64
	android:theme
		ADDED from src/main/AndroidManifest.xml:30:17-75
	android:name
		ADDED from src/main/AndroidManifest.xml:29:19-48
	android:launchMode
		ADDED from src/main/AndroidManifest.xml:31:14-45
intent-filter#android.intent.action.MAIN+android.intent.category.LAUNCHER
ADDED from src/main/AndroidManifest.xml:33:13-36:29
action#android.intent.action.MAIN
ADDED from src/main/AndroidManifest.xml:34:17-69
	android:name
		ADDED from src/main/AndroidManifest.xml:34:25-66
category#android.intent.category.LAUNCHER
ADDED from src/main/AndroidManifest.xml:35:17-77
	android:name
		ADDED from src/main/AndroidManifest.xml:35:27-74
uses-sdk
INJECTED from src/main/AndroidManifest.xml reason: use-sdk injection requested
	android:targetSdkVersion
		INJECTED from src/main/AndroidManifest.xml
		INJECTED from src/main/AndroidManifest.xml
	android:minSdkVersion
		INJECTED from src/main/AndroidManifest.xml
		INJECTED from src/main/AndroidManifest.xml